<?xml version="1.0" encoding="UTF-8"?><testsuite errors="0" failures="0" name="com.restful.booker.testsuite.CRUDTest" skipped="0" tests="6" time="12.34" timestamp="2023-01-03T21:04:16.112Z[Europe/London]"><testcase classname="com.restful.booker.testsuite.CRUDTest" name="Creating token"/><testcase classname="com.restful.booker.testsuite.CRUDTest" name="Creating booking"/><testcase classname="com.restful.booker.testsuite.CRUDTest" name="Get all ID"/><testcase classname="com.restful.booker.testsuite.CRUDTest" name="Get single ID"/><testcase classname="com.restful.booker.testsuite.CRUDTest" name="update ID"/><testcase classname="com.restful.booker.testsuite.CRUDTest" name="Delete the student and verify if the student is deleted!"/></testsuite>